{"level":"info","message":"Listening on Port 4500","timestamp":"2020-05-29T15:50:27.560Z"}
{"level":"info","message":"Connected to Mongo DB","timestamp":"2020-05-29T15:50:27.597Z"}
{"level":"info","message":"Listening on Port 4500","timestamp":"2020-05-29T15:51:36.703Z"}
{"level":"info","message":"Connected to Mongo DB","timestamp":"2020-05-29T15:51:36.747Z"}
{"level":"info","message":"Listening on Port 4500","timestamp":"2020-05-29T15:53:21.162Z"}
{"level":"info","message":"Connected to Mongo DB","timestamp":"2020-05-29T15:53:21.206Z"}
{"level":"info","message":"Listening on Port 4500","timestamp":"2020-05-31T11:37:37.567Z"}
{"level":"info","message":"Connected to Mongo DB","timestamp":"2020-05-31T11:37:37.613Z"}
{"message":"user.save is not a function","stack":"TypeError: user.save is not a function\n    at E:\\CS Serious Studies (Sem 5)\\Web\\Node\\KwikCart_MongoDB\\routes\\otp.js:34:14\n    at processTicksAndRejections (internal/process/task_queues.js:97:5)","level":"error","timestamp":"2020-05-31T11:39:19.850Z"}
{"level":"info","message":"Listening on Port 4500","timestamp":"2020-05-31T11:40:45.126Z"}
{"level":"info","message":"Connected to Mongo DB","timestamp":"2020-05-31T11:40:45.168Z"}
{"level":"info","message":"Listening on Port 4500","timestamp":"2020-05-31T11:42:03.880Z"}
{"level":"info","message":"Connected to Mongo DB","timestamp":"2020-05-31T11:42:03.922Z"}
{"level":"info","message":"Listening on Port 4500","timestamp":"2020-05-31T11:44:03.583Z"}
{"level":"info","message":"Connected to Mongo DB","timestamp":"2020-05-31T11:44:03.634Z"}
{"level":"info","message":"Listening on Port 4500","timestamp":"2020-05-31T12:22:49.453Z"}
{"level":"info","message":"Connected to Mongo DB","timestamp":"2020-05-31T12:22:49.490Z"}
{"message":"Request is not defined","stack":"ReferenceError: Request is not defined\n    at E:\\CS Serious Studies (Sem 5)\\Web\\Node\\KwikCart_MongoDB\\routes\\otp.js:28:3\n    at processTicksAndRejections (internal/process/task_queues.js:97:5)","level":"error","timestamp":"2020-05-31T12:22:59.112Z"}
{"level":"info","message":"Listening on Port 4500","timestamp":"2020-05-31T12:24:52.392Z"}
{"level":"info","message":"Connected to Mongo DB","timestamp":"2020-05-31T12:24:52.430Z"}
{"level":"info","message":"Listening on Port 4500","timestamp":"2020-05-31T12:27:44.411Z"}
{"level":"info","message":"Connected to Mongo DB","timestamp":"2020-05-31T12:27:44.458Z"}
{"level":"info","message":"Listening on Port 4500","timestamp":"2020-05-31T12:39:11.210Z"}
{"level":"info","message":"Connected to Mongo DB","timestamp":"2020-05-31T12:39:11.254Z"}
{"message":"Cannot access 'dateGen' before initialization","stack":"ReferenceError: Cannot access 'dateGen' before initialization\n    at E:\\CS Serious Studies (Sem 5)\\Web\\Node\\KwikCart_MongoDB\\routes\\otp.js:19:5\n    at processTicksAndRejections (internal/process/task_queues.js:97:5)","level":"error","timestamp":"2020-05-31T12:39:45.671Z"}
{"level":"info","message":"Listening on Port 4500","timestamp":"2020-05-31T12:40:36.211Z"}
{"level":"info","message":"Connected to Mongo DB","timestamp":"2020-05-31T12:40:36.261Z"}
{"level":"info","message":"Listening on Port 4500","timestamp":"2020-05-31T12:48:09.156Z"}
{"level":"info","message":"Connected to Mongo DB","timestamp":"2020-05-31T12:48:09.202Z"}
{"message":"moment is not defined","stack":"ReferenceError: moment is not defined\n    at E:\\CS Serious Studies (Sem 5)\\Web\\Node\\KwikCart_MongoDB\\routes\\otp.js:52:18\n    at processTicksAndRejections (internal/process/task_queues.js:97:5)","level":"error","timestamp":"2020-05-31T12:48:35.876Z"}
{"level":"info","message":"Listening on Port 4500","timestamp":"2020-05-31T12:49:06.556Z"}
{"level":"info","message":"Connected to Mongo DB","timestamp":"2020-05-31T12:49:06.601Z"}
{"level":"info","message":"Listening on Port 4500","timestamp":"2020-05-31T12:54:45.252Z"}
{"level":"info","message":"Connected to Mongo DB","timestamp":"2020-05-31T12:54:45.303Z"}
{"level":"info","message":"Listening on Port 4500","timestamp":"2020-05-31T12:55:39.047Z"}
{"level":"info","message":"Connected to Mongo DB","timestamp":"2020-05-31T12:55:39.098Z"}
{"level":"info","message":"Listening on Port 4500","timestamp":"2020-05-31T12:55:59.906Z"}
{"level":"info","message":"Connected to Mongo DB","timestamp":"2020-05-31T12:55:59.958Z"}
{"level":"info","message":"Listening on Port 4500","timestamp":"2020-05-31T12:56:30.351Z"}
{"level":"info","message":"Connected to Mongo DB","timestamp":"2020-05-31T12:56:30.396Z"}
{"level":"info","message":"Listening on Port 4500","timestamp":"2020-05-31T12:58:51.194Z"}
{"level":"info","message":"Connected to Mongo DB","timestamp":"2020-05-31T12:58:51.234Z"}
{"level":"info","message":"Listening on Port 4500","timestamp":"2020-05-31T12:59:57.365Z"}
{"level":"info","message":"Connected to Mongo DB","timestamp":"2020-05-31T12:59:57.412Z"}
{"level":"info","message":"Listening on Port 4500","timestamp":"2020-05-31T13:01:17.254Z"}
{"level":"info","message":"Connected to Mongo DB","timestamp":"2020-05-31T13:01:17.302Z"}
{"level":"info","message":"Listening on Port 4500","timestamp":"2020-05-31T13:01:44.825Z"}
{"level":"info","message":"Connected to Mongo DB","timestamp":"2020-05-31T13:01:44.870Z"}
{"level":"info","message":"Listening on Port 4500","timestamp":"2020-05-31T13:03:58.103Z"}
{"level":"info","message":"Connected to Mongo DB","timestamp":"2020-05-31T13:03:58.144Z"}
{"level":"info","message":"Listening on Port 4500","timestamp":"2020-05-31T13:18:22.782Z"}
{"level":"info","message":"Connected to Mongo DB","timestamp":"2020-05-31T13:18:22.832Z"}
{"level":"info","message":"Listening on Port 4500","timestamp":"2020-05-31T13:19:26.007Z"}
{"level":"info","message":"Connected to Mongo DB","timestamp":"2020-05-31T13:19:26.042Z"}
{"level":"info","message":"Listening on Port 4500","timestamp":"2020-05-31T13:20:57.739Z"}
{"level":"info","message":"Connected to Mongo DB","timestamp":"2020-05-31T13:20:57.788Z"}
{"level":"info","message":"Listening on Port 4500","timestamp":"2020-05-31T13:21:16.478Z"}
{"level":"info","message":"Connected to Mongo DB","timestamp":"2020-05-31T13:21:16.524Z"}
{"level":"info","message":"Listening on Port 4500","timestamp":"2020-05-31T13:21:55.059Z"}
{"level":"info","message":"Connected to Mongo DB","timestamp":"2020-05-31T13:21:55.099Z"}
{"level":"info","message":"Listening on Port 4500","timestamp":"2020-05-31T13:23:44.738Z"}
{"level":"info","message":"Connected to Mongo DB","timestamp":"2020-05-31T13:23:44.784Z"}
{"level":"info","message":"Listening on Port 4500","timestamp":"2020-05-31T13:26:18.834Z"}
{"level":"info","message":"Connected to Mongo DB","timestamp":"2020-05-31T13:26:18.875Z"}
{"level":"info","message":"Listening on Port 4500","timestamp":"2020-05-31T13:26:36.182Z"}
{"level":"info","message":"Connected to Mongo DB","timestamp":"2020-05-31T13:26:36.232Z"}
{"level":"info","message":"Listening on Port 4500","timestamp":"2020-05-31T13:27:56.683Z"}
{"level":"info","message":"Connected to Mongo DB","timestamp":"2020-05-31T13:27:56.731Z"}
{"level":"info","message":"Listening on Port 4500","timestamp":"2020-05-31T13:28:57.463Z"}
{"level":"info","message":"Connected to Mongo DB","timestamp":"2020-05-31T13:28:57.508Z"}
{"level":"info","message":"Listening on Port 4500","timestamp":"2020-05-31T13:31:33.767Z"}
{"level":"info","message":"Connected to Mongo DB","timestamp":"2020-05-31T13:31:33.813Z"}
{"level":"info","message":"Listening on Port 4500","timestamp":"2020-05-31T13:31:54.451Z"}
{"level":"info","message":"Connected to Mongo DB","timestamp":"2020-05-31T13:31:54.503Z"}
{"level":"info","message":"Listening on Port 4500","timestamp":"2020-05-31T13:32:05.709Z"}
{"level":"info","message":"Connected to Mongo DB","timestamp":"2020-05-31T13:32:05.755Z"}
{"level":"info","message":"Listening on Port 4500","timestamp":"2020-05-31T13:35:10.757Z"}
{"level":"info","message":"Connected to Mongo DB","timestamp":"2020-05-31T13:35:10.801Z"}
{"level":"info","message":"Listening on Port 4500","timestamp":"2020-05-31T14:19:42.164Z"}
{"level":"info","message":"Connected to Mongo DB","timestamp":"2020-05-31T14:19:42.214Z"}
